Flow report for student
Sun Dec 24 21:12:34 2017
Quartus II 64-Bit Version 13.1.0 Build 162 10/23/2013 SJ Web Edition


---------------------
; Table of Contents ;
---------------------
  1. Legal Notice
  2. Flow Summary
  3. Flow Settings
  4. Flow Non-Default Global Settings
  5. Flow Elapsed Time
  6. Flow OS Summary
  7. Flow Log
  8. Flow Messages
  9. Flow Suppressed Messages



----------------
; Legal Notice ;
----------------
Copyright (C) 1991-2013 Altera Corporation
Your use of Altera Corporation's design tools, logic functions 
and other software and tools, and its AMPP partner logic 
functions, and any output files from any of the foregoing 
(including device programming or simulation files), and any 
associated documentation or information are expressly subject 
to the terms and conditions of the Altera Program License 
Subscription Agreement, Altera MegaCore Function License 
Agreement, or other applicable license agreement, including, 
without limitation, that your use is for the sole purpose of 
programming logic devices manufactured by Altera and sold by 
Altera or its authorized distributors.  Please refer to the 
applicable agreement for further details.



+---------------------------------------------------------------------------------+
; Flow Summary                                                                    ;
+------------------------------------+--------------------------------------------+
; Flow Status                        ; Successful - Sun Dec 24 21:12:27 2017      ;
; Quartus II 64-Bit Version          ; 13.1.0 Build 162 10/23/2013 SJ Web Edition ;
; Revision Name                      ; student                                    ;
; Top-level Entity Name              ; student_top                                ;
; Family                             ; Cyclone III                                ;
; Device                             ; EP3C10E144C8                               ;
; Timing Models                      ; Final                                      ;
; Total logic elements               ; 1,026 / 10,320 ( 10 % )                    ;
;     Total combinational functions  ; 924 / 10,320 ( 9 % )                       ;
;     Dedicated logic registers      ; 523 / 10,320 ( 5 % )                       ;
; Total registers                    ; 523                                        ;
; Total pins                         ; 25 / 95 ( 26 % )                           ;
; Total virtual pins                 ; 0                                          ;
; Total memory bits                  ; 15,360 / 423,936 ( 4 % )                   ;
; Embedded Multiplier 9-bit elements ; 0 / 46 ( 0 % )                             ;
; Total PLLs                         ; 1 / 2 ( 50 % )                             ;
+------------------------------------+--------------------------------------------+


+-----------------------------------------+
; Flow Settings                           ;
+-------------------+---------------------+
; Option            ; Setting             ;
+-------------------+---------------------+
; Start date & time ; 12/24/2017 21:12:00 ;
; Main task         ; Compilation         ;
; Revision Name     ; student             ;
+-------------------+---------------------+


+----------------------------------------------------------------------------------------------------------------------+
; Flow Non-Default Global Settings                                                                                     ;
+-------------------------------------+-------------------------------------+---------------+-------------+------------+
; Assignment Name                     ; Value                               ; Default Value ; Entity Name ; Section Id ;
+-------------------------------------+-------------------------------------+---------------+-------------+------------+
; COMPILER_SIGNATURE_ID               ; 189302544851575.151413912009720     ; --            ; --          ; --         ;
; CYCLONEII_OPTIMIZATION_TECHNIQUE    ; Speed                               ; Balanced      ; --          ; --         ;
; ENABLE_SIGNALTAP                    ; Off                                 ; --            ; --          ; --         ;
; IP_TOOL_NAME                        ; FIFO                                ; --            ; --          ; --         ;
; IP_TOOL_NAME                        ; ALTPLL                              ; --            ; --          ; --         ;
; IP_TOOL_NAME                        ; ALTCLKCTRL                          ; --            ; --          ; --         ;
; IP_TOOL_NAME                        ; In-System Sources and Probes        ; --            ; --          ; --         ;
; IP_TOOL_NAME                        ; FIFO                                ; --            ; --          ; --         ;
; IP_TOOL_NAME                        ; LPM_DIVIDE                          ; --            ; --          ; --         ;
; IP_TOOL_VERSION                     ; 13.1                                ; --            ; --          ; --         ;
; IP_TOOL_VERSION                     ; 13.1                                ; --            ; --          ; --         ;
; IP_TOOL_VERSION                     ; 9.1                                 ; --            ; --          ; --         ;
; IP_TOOL_VERSION                     ; 13.1                                ; --            ; --          ; --         ;
; IP_TOOL_VERSION                     ; 13.1                                ; --            ; --          ; --         ;
; IP_TOOL_VERSION                     ; 13.1                                ; --            ; --          ; --         ;
; MAX_CORE_JUNCTION_TEMP              ; 85                                  ; --            ; --          ; --         ;
; MIN_CORE_JUNCTION_TEMP              ; 0                                   ; --            ; --          ; --         ;
; MISC_FILE                           ; ../MGF/FIFO/fifo_1kx16_inst.v       ; --            ; --          ; --         ;
; MISC_FILE                           ; ../MGF/PLL/pll_40_mhz_inst.v        ; --            ; --          ; --         ;
; MISC_FILE                           ; ../MGF/PLL/pll_40_mhz.ppf           ; --            ; --          ; --         ;
; MISC_FILE                           ; ../MGF/ALTCLKCTRL/global_buf_inst.v ; --            ; --          ; --         ;
; MISC_FILE                           ; ../MGF/SOURCE/source_inst.v         ; --            ; --          ; --         ;
; MISC_FILE                           ; ../MGF/FIFO/fifo_1kx32_inst.v       ; --            ; --          ; --         ;
; MISC_FILE                           ; ../MGF/DIVIDER/divider_16_inst.v    ; --            ; --          ; --         ;
; NOMINAL_CORE_SUPPLY_VOLTAGE         ; 1.2V                                ; --            ; --          ; --         ;
; PARTITION_COLOR                     ; 16764057                            ; --            ; student_top ; Top        ;
; PARTITION_FITTER_PRESERVATION_LEVEL ; PLACEMENT_AND_ROUTING               ; --            ; student_top ; Top        ;
; PARTITION_NETLIST_TYPE              ; SOURCE                              ; --            ; student_top ; Top        ;
; TOP_LEVEL_ENTITY                    ; student_top                         ; student       ; --          ; --         ;
; USE_SIGNALTAP_FILE                  ; adc_data.stp                        ; --            ; --          ; --         ;
+-------------------------------------+-------------------------------------+---------------+-------------+------------+


+-------------------------------------------------------------------------------------------------------------------------------+
; Flow Elapsed Time                                                                                                             ;
+---------------------------+--------------+-------------------------+---------------------+------------------------------------+
; Module Name               ; Elapsed Time ; Average Processors Used ; Peak Virtual Memory ; Total CPU Time (on all processors) ;
+---------------------------+--------------+-------------------------+---------------------+------------------------------------+
; Analysis & Synthesis      ; 00:00:07     ; 1.0                     ; 631 MB              ; 00:00:05                           ;
; Fitter                    ; 00:00:13     ; 1.2                     ; 1112 MB             ; 00:00:12                           ;
; Assembler                 ; 00:00:02     ; 1.0                     ; 520 MB              ; 00:00:02                           ;
; TimeQuest Timing Analyzer ; 00:00:05     ; 1.0                     ; 600 MB              ; 00:00:03                           ;
; Total                     ; 00:00:27     ; --                      ; --                  ; 00:00:22                           ;
+---------------------------+--------------+-------------------------+---------------------+------------------------------------+


+----------------------------------------------------------------------------------------+
; Flow OS Summary                                                                        ;
+---------------------------+------------------+-----------+------------+----------------+
; Module Name               ; Machine Hostname ; OS Name   ; OS Version ; Processor type ;
+---------------------------+------------------+-----------+------------+----------------+
; Analysis & Synthesis      ; Jemaima          ; Windows 7 ; 6.2        ; x86_64         ;
; Fitter                    ; Jemaima          ; Windows 7 ; 6.2        ; x86_64         ;
; Assembler                 ; Jemaima          ; Windows 7 ; 6.2        ; x86_64         ;
; TimeQuest Timing Analyzer ; Jemaima          ; Windows 7 ; 6.2        ; x86_64         ;
+---------------------------+------------------+-----------+------------+----------------+


------------
; Flow Log ;
------------
quartus_map --read_settings_files=on --write_settings_files=off student -c student
quartus_fit --read_settings_files=off --write_settings_files=off student -c student
quartus_asm --read_settings_files=off --write_settings_files=off student -c student
quartus_sta student -c student



